This is XeTeX, Version 3.141592653-2.6-0.999995 (TeX Live 2023) (preloaded format=xelatex 2023.4.4)  11 APR 2023 16:17
entering extended mode
 restricted \write18 enabled.
 %&-line parsing enabled.
**Term-Project---Grings,-Nauta,-Nibbering.tex
(./Term-Project---Grings,-Nauta,-Nibbering.tex
LaTeX2e <2022-11-01> patch level 1
L3 programming layer <2023-03-30> (c:/Users/jitse/AppData/Roaming/TinyTeX/texmf-dist/tex/latex/base/article.cls
Document Class: article 2022/07/02 v1.4n Standard LaTeX document class
(c:/Users/jitse/AppData/Roaming/TinyTeX/texmf-dist/tex/latex/base/size10.clo
File: size10.clo 2022/07/02 v1.4n Standard LaTeX file (size option)
)
\c@part=\count181
\c@section=\count182
\c@subsection=\count183
\c@subsubsection=\count184
\c@paragraph=\count185
\c@subparagraph=\count186
\c@figure=\count187
\c@table=\count188
\abovecaptionskip=\skip48
\belowcaptionskip=\skip49
\bibindent=\dimen140
) (c:/Users/jitse/AppData/Roaming/TinyTeX/texmf-dist/tex/latex/amsmath/amsmath.sty
Package: amsmath 2022/04/08 v2.17n AMS math features
\@mathmargin=\skip50
For additional information on amsmath, use the `?' option.
(c:/Users/jitse/AppData/Roaming/TinyTeX/texmf-dist/tex/latex/amsmath/amstext.sty
Package: amstext 2021/08/26 v2.01 AMS text
(c:/Users/jitse/AppData/Roaming/TinyTeX/texmf-dist/tex/latex/amsmath/amsgen.sty
File: amsgen.sty 1999/11/30 v2.0 generic functions
\@emptytoks=\toks16
\ex@=\dimen141
)) (c:/Users/jitse/AppData/Roaming/TinyTeX/texmf-dist/tex/latex/amsmath/amsbsy.sty
Package: amsbsy 1999/11/29 v1.2d Bold Symbols
\pmbraise@=\dimen142
) (c:/Users/jitse/AppData/Roaming/TinyTeX/texmf-dist/tex/latex/amsmath/amsopn.sty
Package: amsopn 2022/04/08 v2.04 operator names
)
\inf@bad=\count189
LaTeX Info: Redefining \frac on input line 234.
\uproot@=\count190
\leftroot@=\count191
LaTeX Info: Redefining \overline on input line 399.
LaTeX Info: Redefining \colon on input line 410.
\classnum@=\count192
\DOTSCASE@=\count193
LaTeX Info: Redefining \ldots on input line 496.
LaTeX Info: Redefining \dots on input line 499.
LaTeX Info: Redefining \cdots on input line 620.
\Mathstrutbox@=\box51
\strutbox@=\box52
LaTeX Info: Redefining \big on input line 722.
LaTeX Info: Redefining \Big on input line 723.
LaTeX Info: Redefining \bigg on input line 724.
LaTeX Info: Redefining \Bigg on input line 725.
\big@size=\dimen143
LaTeX Font Info:    Redeclaring font encoding OML on input line 743.
LaTeX Font Info:    Redeclaring font encoding OMS on input line 744.
\macc@depth=\count194
LaTeX Info: Redefining \bmod on input line 905.
LaTeX Info: Redefining \pmod on input line 910.
LaTeX Info: Redefining \smash on input line 940.
LaTeX Info: Redefining \relbar on input line 970.
LaTeX Info: Redefining \Relbar on input line 971.
\c@MaxMatrixCols=\count195
\dotsspace@=\muskip16
\c@parentequation=\count196
\dspbrk@lvl=\count197
\tag@help=\toks17
\row@=\count198
\column@=\count199
\maxfields@=\count266
\andhelp@=\toks18
\eqnshift@=\dimen144
\alignsep@=\dimen145
\tagshift@=\dimen146
\tagwidth@=\dimen147
\totwidth@=\dimen148
\lineht@=\dimen149
\@envbody=\toks19
\multlinegap=\skip51
\multlinetaggap=\skip52
\mathdisplay@stack=\toks20
LaTeX Info: Redefining \[ on input line 2953.
LaTeX Info: Redefining \] on input line 2954.
) (c:/Users/jitse/AppData/Roaming/TinyTeX/texmf-dist/tex/latex/amsfonts/amssymb.sty
Package: amssymb 2013/01/14 v3.01 AMS font symbols
(c:/Users/jitse/AppData/Roaming/TinyTeX/texmf-dist/tex/latex/amsfonts/amsfonts.sty
Package: amsfonts 2013/01/14 v3.01 Basic AMSFonts support
\symAMSa=\mathgroup4
\symAMSb=\mathgroup5
LaTeX Font Info:    Redeclaring math symbol \hbar on input line 98.
LaTeX Font Info:    Overwriting math alphabet `\mathfrak' in version `bold'
(Font)                  U/euf/m/n --> U/euf/b/n on input line 106.
)) (c:/Users/jitse/AppData/Roaming/TinyTeX/texmf-dist/tex/latex/lm/lmodern.sty
Package: lmodern 2015/05/01 v1.6.1 Latin Modern Fonts
LaTeX Font Info:    Overwriting symbol font `operators' in version `normal'
(Font)                  OT1/cmr/m/n --> OT1/lmr/m/n on input line 22.
LaTeX Font Info:    Overwriting symbol font `letters' in version `normal'
(Font)                  OML/cmm/m/it --> OML/lmm/m/it on input line 23.
LaTeX Font Info:    Overwriting symbol font `symbols' in version `normal'
(Font)                  OMS/cmsy/m/n --> OMS/lmsy/m/n on input line 24.
LaTeX Font Info:    Overwriting symbol font `largesymbols' in version `normal'
(Font)                  OMX/cmex/m/n --> OMX/lmex/m/n on input line 25.
LaTeX Font Info:    Overwriting symbol font `operators' in version `bold'
(Font)                  OT1/cmr/bx/n --> OT1/lmr/bx/n on input line 26.
LaTeX Font Info:    Overwriting symbol font `letters' in version `bold'
(Font)                  OML/cmm/b/it --> OML/lmm/b/it on input line 27.
LaTeX Font Info:    Overwriting symbol font `symbols' in version `bold'
(Font)                  OMS/cmsy/b/n --> OMS/lmsy/b/n on input line 28.
LaTeX Font Info:    Overwriting symbol font `largesymbols' in version `bold'
(Font)                  OMX/cmex/m/n --> OMX/lmex/m/n on input line 29.
LaTeX Font Info:    Overwriting math alphabet `\mathbf' in version `normal'
(Font)                  OT1/cmr/bx/n --> OT1/lmr/bx/n on input line 31.
LaTeX Font Info:    Overwriting math alphabet `\mathsf' in version `normal'
(Font)                  OT1/cmss/m/n --> OT1/lmss/m/n on input line 32.
LaTeX Font Info:    Overwriting math alphabet `\mathit' in version `normal'
(Font)                  OT1/cmr/m/it --> OT1/lmr/m/it on input line 33.
LaTeX Font Info:    Overwriting math alphabet `\mathtt' in version `normal'
(Font)                  OT1/cmtt/m/n --> OT1/lmtt/m/n on input line 34.
LaTeX Font Info:    Overwriting math alphabet `\mathbf' in version `bold'
(Font)                  OT1/cmr/bx/n --> OT1/lmr/bx/n on input line 35.
LaTeX Font Info:    Overwriting math alphabet `\mathsf' in version `bold'
(Font)                  OT1/cmss/bx/n --> OT1/lmss/bx/n on input line 36.
LaTeX Font Info:    Overwriting math alphabet `\mathit' in version `bold'
(Font)                  OT1/cmr/bx/it --> OT1/lmr/bx/it on input line 37.
LaTeX Font Info:    Overwriting math alphabet `\mathtt' in version `bold'
(Font)                  OT1/cmtt/m/n --> OT1/lmtt/m/n on input line 38.
) (c:/Users/jitse/AppData/Roaming/TinyTeX/texmf-dist/tex/generic/iftex/iftex.sty
Package: iftex 2022/02/03 v1.0f TeX engine tests
) (c:/Users/jitse/AppData/Roaming/TinyTeX/texmf-dist/tex/latex/unicode-math/unicode-math.sty (c:/Users/jitse/AppData/Roaming/TinyTeX/texmf-dist/tex/latex/l3kernel/expl3.sty
Package: expl3 2023-03-30 L3 programming layer (loader) 
(c:/Users/jitse/AppData/Roaming/TinyTeX/texmf-dist/tex/latex/l3backend/l3backend-xetex.def
File: l3backend-xetex.def 2023-03-30 L3 backend support: XeTeX
\g__graphics_track_int=\count267
\l__pdf_internal_box=\box53
\g__pdf_backend_object_int=\count268
\g__pdf_backend_annotation_int=\count269
\g__pdf_backend_link_int=\count270
))
Package: unicode-math 2020/01/31 v0.8q Unicode maths in XeLaTeX and LuaLaTeX
(c:/Users/jitse/AppData/Roaming/TinyTeX/texmf-dist/tex/latex/unicode-math/unicode-math-xetex.sty
Package: unicode-math-xetex 2020/01/31 v0.8q Unicode maths in XeLaTeX and LuaLaTeX
(c:/Users/jitse/AppData/Roaming/TinyTeX/texmf-dist/tex/latex/l3packages/xparse/xparse.sty
Package: xparse 2023-02-02 L3 Experimental document command parser
) (c:/Users/jitse/AppData/Roaming/TinyTeX/texmf-dist/tex/latex/l3packages/l3keys2e/l3keys2e.sty
Package: l3keys2e 2023-02-02 LaTeX2e option processing using LaTeX3 keys
) (c:/Users/jitse/AppData/Roaming/TinyTeX/texmf-dist/tex/latex/fontspec/fontspec.sty
Package: fontspec 2022/01/15 v2.8a Font selection for XeLaTeX and LuaLaTeX
(c:/Users/jitse/AppData/Roaming/TinyTeX/texmf-dist/tex/latex/fontspec/fontspec-xetex.sty
Package: fontspec-xetex 2022/01/15 v2.8a Font selection for XeLaTeX and LuaLaTeX
\l__fontspec_script_int=\count271
\l__fontspec_language_int=\count272
\l__fontspec_strnum_int=\count273
\l__fontspec_tmp_int=\count274
\l__fontspec_tmpa_int=\count275
\l__fontspec_tmpb_int=\count276
\l__fontspec_tmpc_int=\count277
\l__fontspec_em_int=\count278
\l__fontspec_emdef_int=\count279
\l__fontspec_strong_int=\count280
\l__fontspec_strongdef_int=\count281
\l__fontspec_tmpa_dim=\dimen150
\l__fontspec_tmpb_dim=\dimen151
\l__fontspec_tmpc_dim=\dimen152
(c:/Users/jitse/AppData/Roaming/TinyTeX/texmf-dist/tex/latex/base/fontenc.sty
Package: fontenc 2021/04/29 v2.0v Standard LaTeX package
) (c:/Users/jitse/AppData/Roaming/TinyTeX/texmf-dist/tex/latex/fontspec/fontspec.cfg))) (c:/Users/jitse/AppData/Roaming/TinyTeX/texmf-dist/tex/latex/base/fix-cm.sty
Package: fix-cm 2020/11/24 v1.1t fixes to LaTeX
(c:/Users/jitse/AppData/Roaming/TinyTeX/texmf-dist/tex/latex/base/ts1enc.def
File: ts1enc.def 2001/06/05 v3.0e (jk/car/fm) Standard LaTeX file
LaTeX Font Info:    Redeclaring font encoding TS1 on input line 47.
))
\g__um_fam_int=\count282
\g__um_fonts_used_int=\count283
\l__um_primecount_int=\count284
\g__um_primekern_muskip=\muskip17
(c:/Users/jitse/AppData/Roaming/TinyTeX/texmf-dist/tex/latex/unicode-math/unicode-math-table.tex)))

Package fontspec Info: Cambria scale = 0.9233102663759599.


Package fontspec Info: Cambria scale = 0.9233102663759599.


Package fontspec Info: Cambria scale = 0.9233102663759599.


Package fontspec Info: Cambria/B scale = 0.8898031445213442.


Package fontspec Info: Cambria/B scale = 0.8898031445213442.


Package fontspec Info: Cambria/I scale = 0.9233102663759599.


Package fontspec Info: Cambria/I scale = 0.9233102663759599.


Package fontspec Info: Cambria/BI scale = 0.8898031445213442.


Package fontspec Info: Cambria/BI scale = 0.8898031445213442.


Package fontspec Info: Font family 'Cambria(0)' created for font 'Cambria'
(fontspec)             with options
(fontspec)             [Scale=MatchLowercase,Ligatures=TeX,Scale=1].
(fontspec)              
(fontspec)              This font family consists of the following NFSS
(fontspec)             series/shapes:
(fontspec)              
(fontspec)             - 'normal' (m/n) with NFSS spec.:
(fontspec)             <->s*[1]"Cambria/OT:script=latn;language=dflt;mapping=tex-text;"
(fontspec)             - 'small caps'  (m/sc) with NFSS spec.:
(fontspec)             <->s*[1]"Cambria/OT:script=latn;language=dflt;+smcp;mapping=tex-text;"
(fontspec)             - 'bold' (b/n) with NFSS spec.:
(fontspec)             <->s*[1]"Cambria/B/OT:script=latn;language=dflt;mapping=tex-text;"
(fontspec)             - 'bold small caps'  (b/sc) with NFSS spec.:
(fontspec)             <->s*[1]"Cambria/B/OT:script=latn;language=dflt;+smcp;mapping=tex-text;"
(fontspec)             - 'italic' (m/it) with NFSS spec.:
(fontspec)             <->s*[1]"Cambria/I/OT:script=latn;language=dflt;mapping=tex-text;"
(fontspec)             - 'italic small caps'  (m/scit) with NFSS spec.:
(fontspec)             <->s*[1]"Cambria/I/OT:script=latn;language=dflt;+smcp;mapping=tex-text;"
(fontspec)             - 'bold italic' (b/it) with NFSS spec.:
(fontspec)             <->s*[1]"Cambria/BI/OT:script=latn;language=dflt;mapping=tex-text;"
(fontspec)             - 'bold italic small caps'  (b/scit) with NFSS spec.:
(fontspec)             <->s*[1]"Cambria/BI/OT:script=latn;language=dflt;+smcp;mapping=tex-text;"

LaTeX Font Info:    Font shape `TU/Cambria(0)/m/n' will be
(Font)              scaled to size 10.0pt on input line 19.

Package fontspec Info: Cambria scale = 0.9999967311822334.


Package fontspec Info: Cambria scale = 0.9999967311822334.


Package fontspec Info: Cambria scale = 0.9999967311822334.


Package fontspec Info: Cambria/B scale = 0.9637066415491384.


Package fontspec Info: Cambria/B scale = 0.9637066415491384.


Package fontspec Info: Cambria/I scale = 0.9999967311822334.


Package fontspec Info: Cambria/I scale = 0.9999967311822334.


Package fontspec Info: Cambria/BI scale = 0.9637066415491384.


Package fontspec Info: Cambria/BI scale = 0.9637066415491384.


Package fontspec Info: Font family 'Cambria(1)' created for font 'Cambria'
(fontspec)             with options [Scale=MatchLowercase].
(fontspec)              
(fontspec)              This font family consists of the following NFSS
(fontspec)             series/shapes:
(fontspec)              
(fontspec)             - 'normal' (m/n) with NFSS spec.:
(fontspec)             <->s*[0.9999967311822334]"Cambria/OT:script=latn;language=dflt;"
(fontspec)             - 'small caps'  (m/sc) with NFSS spec.:
(fontspec)             <->s*[0.9999967311822334]"Cambria/OT:script=latn;language=dflt;+smcp;"
(fontspec)             - 'bold' (b/n) with NFSS spec.:
(fontspec)             <->s*[0.9637066415491384]"Cambria/B/OT:script=latn;language=dflt;"
(fontspec)             - 'bold small caps'  (b/sc) with NFSS spec.:
(fontspec)             <->s*[0.9637066415491384]"Cambria/B/OT:script=latn;language=dflt;+smcp;"
(fontspec)             - 'italic' (m/it) with NFSS spec.:
(fontspec)             <->s*[0.9999967311822334]"Cambria/I/OT:script=latn;language=dflt;"
(fontspec)             - 'italic small caps'  (m/scit) with NFSS spec.:
(fontspec)             <->s*[0.9999967311822334]"Cambria/I/OT:script=latn;language=dflt;+smcp;"
(fontspec)             - 'bold italic' (b/it) with NFSS spec.:
(fontspec)             <->s*[0.9637066415491384]"Cambria/BI/OT:script=latn;language=dflt;"
(fontspec)             - 'bold italic small caps'  (b/scit) with NFSS spec.:
(fontspec)             <->s*[0.9637066415491384]"Cambria/BI/OT:script=latn;language=dflt;+smcp;"

LaTeX Font Info:    Overwriting math alphabet `\mathrm' in version `normal'
(Font)                  OT1/lmr/m/n --> TU/Cambria(1)/m/n on input line 19.
LaTeX Font Info:    Overwriting math alphabet `\mathit' in version `normal'
(Font)                  OT1/lmr/m/it --> TU/Cambria(1)/m/it on input line 19.
LaTeX Font Info:    Overwriting math alphabet `\mathbf' in version `normal'
(Font)                  OT1/lmr/bx/n --> TU/Cambria(1)/b/n on input line 19.
(c:/Users/jitse/AppData/Roaming/TinyTeX/texmf-dist/tex/latex/xcolor/xcolor.sty
Package: xcolor 2022/06/12 v2.14 LaTeX color extensions (UK)
(c:/Users/jitse/AppData/Roaming/TinyTeX/texmf-dist/tex/latex/graphics-cfg/color.cfg
File: color.cfg 2016/01/02 v1.6 sample color configuration
)
Package xcolor Info: Driver file: xetex.def on input line 227.
(c:/Users/jitse/AppData/Roaming/TinyTeX/texmf-dist/tex/latex/graphics-def/xetex.def
File: xetex.def 2022/09/22 v5.0n Graphics/color driver for xetex
) (c:/Users/jitse/AppData/Roaming/TinyTeX/texmf-dist/tex/latex/graphics/mathcolor.ltx)
Package xcolor Info: Model `cmy' substituted by `cmy0' on input line 1353.
Package xcolor Info: Model `RGB' extended on input line 1369.
Package xcolor Info: Model `HTML' substituted by `rgb' on input line 1371.
Package xcolor Info: Model `Hsb' substituted by `hsb' on input line 1372.
Package xcolor Info: Model `tHsb' substituted by `hsb' on input line 1373.
Package xcolor Info: Model `HSB' substituted by `hsb' on input line 1374.
Package xcolor Info: Model `Gray' substituted by `gray' on input line 1375.
Package xcolor Info: Model `wave' substituted by `hsb' on input line 1376.
) (c:/Users/jitse/AppData/Roaming/TinyTeX/texmf-dist/tex/latex/geometry/geometry.sty
Package: geometry 2020/01/02 v5.9 Page Geometry
(c:/Users/jitse/AppData/Roaming/TinyTeX/texmf-dist/tex/latex/graphics/keyval.sty
Package: keyval 2022/05/29 v1.15 key=value parser (DPC)
\KV@toks@=\toks21
) (c:/Users/jitse/AppData/Roaming/TinyTeX/texmf-dist/tex/generic/iftex/ifvtex.sty
Package: ifvtex 2019/10/25 v1.7 ifvtex legacy package. Use iftex instead.
)
\Gm@cnth=\count285
\Gm@cntv=\count286
\c@Gm@tempcnt=\count287
\Gm@bindingoffset=\dimen153
\Gm@wd@mp=\dimen154
\Gm@odd@mp=\dimen155
\Gm@even@mp=\dimen156
\Gm@layoutwidth=\dimen157
\Gm@layoutheight=\dimen158
\Gm@layouthoffset=\dimen159
\Gm@layoutvoffset=\dimen160
\Gm@dimlist=\toks22
) (c:/Users/jitse/AppData/Roaming/TinyTeX/texmf-dist/tex/latex/graphics/graphicx.sty
Package: graphicx 2021/09/16 v1.2d Enhanced LaTeX Graphics (DPC,SPQR)
(c:/Users/jitse/AppData/Roaming/TinyTeX/texmf-dist/tex/latex/graphics/graphics.sty
Package: graphics 2022/03/10 v1.4e Standard LaTeX Graphics (DPC,SPQR)
(c:/Users/jitse/AppData/Roaming/TinyTeX/texmf-dist/tex/latex/graphics/trig.sty
Package: trig 2021/08/11 v1.11 sin cos tan (DPC)
) (c:/Users/jitse/AppData/Roaming/TinyTeX/texmf-dist/tex/latex/graphics-cfg/graphics.cfg
File: graphics.cfg 2016/06/04 v1.11 sample graphics configuration
)
Package graphics Info: Driver file: xetex.def on input line 107.
)
\Gin@req@height=\dimen161
\Gin@req@width=\dimen162
) (c:/Users/jitse/AppData/Roaming/TinyTeX/texmf-dist/tex/latex/titlesec/titlesec.sty
Package: titlesec 2021/07/05 v2.14 Sectioning titles
\ttl@box=\box54
\beforetitleunit=\skip53
\aftertitleunit=\skip54
\ttl@plus=\dimen163
\ttl@minus=\dimen164
\ttl@toksa=\toks23
\titlewidth=\dimen165
\titlewidthlast=\dimen166
\titlewidthfirst=\dimen167
) (c:/Users/jitse/AppData/Roaming/TinyTeX/texmf-dist/tex/latex/float/float.sty
Package: float 2001/11/08 v1.3d Float enhancements (AL)
\c@float@type=\count288
\float@exts=\toks24
\float@box=\box55
\@float@everytoks=\toks25
\@floatcapt=\box56
) (c:/Users/jitse/AppData/Roaming/TinyTeX/texmf-dist/tex/latex/booktabs/booktabs.sty
Package: booktabs 2020/01/12 v1.61803398 Publication quality tables
\heavyrulewidth=\dimen168
\lightrulewidth=\dimen169
\cmidrulewidth=\dimen170
\belowrulesep=\dimen171
\belowbottomsep=\dimen172
\aboverulesep=\dimen173
\abovetopsep=\dimen174
\cmidrulesep=\dimen175
\cmidrulekern=\dimen176
\defaultaddspace=\dimen177
\@cmidla=\count289
\@cmidlb=\count290
\@aboverulesep=\dimen178
\@belowrulesep=\dimen179
\@thisruleclass=\count291
\@lastruleclass=\count292
\@thisrulewidth=\dimen180
) (c:/Users/jitse/AppData/Roaming/TinyTeX/texmf-dist/tex/latex/hyperref/hyperref.sty
Package: hyperref 2023-02-07 v7.00v Hypertext links for LaTeX
(c:/Users/jitse/AppData/Roaming/TinyTeX/texmf-dist/tex/generic/ltxcmds/ltxcmds.sty
Package: ltxcmds 2020-05-10 v1.25 LaTeX kernel commands for general use (HO)
) (c:/Users/jitse/AppData/Roaming/TinyTeX/texmf-dist/tex/generic/pdftexcmds/pdftexcmds.sty
Package: pdftexcmds 2020-06-27 v0.33 Utility functions of pdfTeX for LuaTeX (HO)
(c:/Users/jitse/AppData/Roaming/TinyTeX/texmf-dist/tex/generic/infwarerr/infwarerr.sty
Package: infwarerr 2019/12/03 v1.5 Providing info/warning/error messages (HO)
)
Package pdftexcmds Info: \pdf@primitive is available.
Package pdftexcmds Info: \pdf@ifprimitive is available.
Package pdftexcmds Info: \pdfdraftmode not found.
) (c:/Users/jitse/AppData/Roaming/TinyTeX/texmf-dist/tex/latex/kvsetkeys/kvsetkeys.sty
Package: kvsetkeys 2022-10-05 v1.19 Key value parser (HO)
) (c:/Users/jitse/AppData/Roaming/TinyTeX/texmf-dist/tex/generic/kvdefinekeys/kvdefinekeys.sty
Package: kvdefinekeys 2019-12-19 v1.6 Define keys (HO)
) (c:/Users/jitse/AppData/Roaming/TinyTeX/texmf-dist/tex/generic/pdfescape/pdfescape.sty
Package: pdfescape 2019/12/09 v1.15 Implements pdfTeX's escape features (HO)
) (c:/Users/jitse/AppData/Roaming/TinyTeX/texmf-dist/tex/latex/hycolor/hycolor.sty
Package: hycolor 2020-01-27 v1.10 Color options for hyperref/bookmark (HO)
) (c:/Users/jitse/AppData/Roaming/TinyTeX/texmf-dist/tex/latex/letltxmacro/letltxmacro.sty
Package: letltxmacro 2019/12/03 v1.6 Let assignment for LaTeX macros (HO)
) (c:/Users/jitse/AppData/Roaming/TinyTeX/texmf-dist/tex/latex/auxhook/auxhook.sty
Package: auxhook 2019-12-17 v1.6 Hooks for auxiliary files (HO)
) (c:/Users/jitse/AppData/Roaming/TinyTeX/texmf-dist/tex/latex/hyperref/nameref.sty
Package: nameref 2022-05-17 v2.50 Cross-referencing by name of section
(c:/Users/jitse/AppData/Roaming/TinyTeX/texmf-dist/tex/latex/refcount/refcount.sty
Package: refcount 2019/12/15 v3.6 Data extraction from label references (HO)
) (c:/Users/jitse/AppData/Roaming/TinyTeX/texmf-dist/tex/generic/gettitlestring/gettitlestring.sty
Package: gettitlestring 2019/12/15 v1.6 Cleanup title references (HO)
(c:/Users/jitse/AppData/Roaming/TinyTeX/texmf-dist/tex/latex/kvoptions/kvoptions.sty
Package: kvoptions 2022-06-15 v3.15 Key value format for package options (HO)
))
\c@section@level=\count293
)
\@linkdim=\dimen181
\Hy@linkcounter=\count294
\Hy@pagecounter=\count295
(c:/Users/jitse/AppData/Roaming/TinyTeX/texmf-dist/tex/latex/hyperref/pd1enc.def
File: pd1enc.def 2023-02-07 v7.00v Hyperref: PDFDocEncoding definition (HO)
) (c:/Users/jitse/AppData/Roaming/TinyTeX/texmf-dist/tex/generic/intcalc/intcalc.sty
Package: intcalc 2019/12/15 v1.3 Expandable calculations with integers (HO)
) (c:/Users/jitse/AppData/Roaming/TinyTeX/texmf-dist/tex/generic/etexcmds/etexcmds.sty
Package: etexcmds 2019/12/15 v1.7 Avoid name clashes with e-TeX commands (HO)
)
\Hy@SavedSpaceFactor=\count296
(c:/Users/jitse/AppData/Roaming/TinyTeX/texmf-dist/tex/latex/hyperref/puenc.def
File: puenc.def 2023-02-07 v7.00v Hyperref: PDF Unicode definition (HO)
)
Package hyperref Info: Option `unicode' set `true' on input line 4060.
Package hyperref Info: Hyper figures OFF on input line 4177.
Package hyperref Info: Link nesting OFF on input line 4182.
Package hyperref Info: Hyper index ON on input line 4185.
Package hyperref Info: Plain pages OFF on input line 4192.
Package hyperref Info: Backreferencing OFF on input line 4197.
Package hyperref Info: Implicit mode ON; LaTeX internals redefined.
Package hyperref Info: Bookmarks ON on input line 4425.
\c@Hy@tempcnt=\count297
(c:/Users/jitse/AppData/Roaming/TinyTeX/texmf-dist/tex/latex/url/url.sty
\Urlmuskip=\muskip18
Package: url 2013/09/16  ver 3.4  Verb mode for urls, etc.
)
LaTeX Info: Redefining \url on input line 4763.
\XeTeXLinkMargin=\dimen182
(c:/Users/jitse/AppData/Roaming/TinyTeX/texmf-dist/tex/generic/bitset/bitset.sty
Package: bitset 2019/12/09 v1.3 Handle bit-vector datatype (HO)
(c:/Users/jitse/AppData/Roaming/TinyTeX/texmf-dist/tex/generic/bigintcalc/bigintcalc.sty
Package: bigintcalc 2019/12/15 v1.5 Expandable calculations on big integers (HO)
))
\Fld@menulength=\count298
\Field@Width=\dimen183
\Fld@charsize=\dimen184
Package hyperref Info: Hyper figures OFF on input line 6042.
Package hyperref Info: Link nesting OFF on input line 6047.
Package hyperref Info: Hyper index ON on input line 6050.
Package hyperref Info: backreferencing OFF on input line 6057.
Package hyperref Info: Link coloring OFF on input line 6062.
Package hyperref Info: Link coloring with OCG OFF on input line 6067.
Package hyperref Info: PDF/A mode OFF on input line 6072.
(c:/Users/jitse/AppData/Roaming/TinyTeX/texmf-dist/tex/latex/base/atbegshi-ltx.sty
Package: atbegshi-ltx 2021/01/10 v1.0c Emulation of the original atbegshi
package with kernel methods
)
\Hy@abspage=\count299
\c@Item=\count300
\c@Hfootnote=\count301
)
Package hyperref Info: Driver (autodetected): hxetex.
(c:/Users/jitse/AppData/Roaming/TinyTeX/texmf-dist/tex/latex/hyperref/hxetex.def
File: hxetex.def 2023-02-07 v7.00v Hyperref driver for XeTeX
(c:/Users/jitse/AppData/Roaming/TinyTeX/texmf-dist/tex/generic/stringenc/stringenc.sty
Package: stringenc 2019/11/29 v1.12 Convert strings between diff. encodings (HO)
)
\pdfm@box=\box57
\c@Hy@AnnotLevel=\count302
\HyField@AnnotCount=\count303
\Fld@listcount=\count304
\c@bookmark@seq@number=\count305
(c:/Users/jitse/AppData/Roaming/TinyTeX/texmf-dist/tex/latex/rerunfilecheck/rerunfilecheck.sty
Package: rerunfilecheck 2022-07-10 v1.10 Rerun checks for auxiliary files (HO)
(c:/Users/jitse/AppData/Roaming/TinyTeX/texmf-dist/tex/latex/base/atveryend-ltx.sty
Package: atveryend-ltx 2020/08/19 v1.0a Emulation of the original atveryend package
with kernel methods
) (c:/Users/jitse/AppData/Roaming/TinyTeX/texmf-dist/tex/generic/uniquecounter/uniquecounter.sty
Package: uniquecounter 2019/12/15 v1.4 Provide unlimited unique counter (HO)
)
Package uniquecounter Info: New unique counter `rerunfilecheck' on input line 285.
)
\Hy@SectionHShift=\skip55
) (c:/Users/jitse/AppData/Roaming/TinyTeX/texmf-dist/tex/latex/etoolbox/etoolbox.sty
Package: etoolbox 2020/10/05 v2.5k e-TeX tools for LaTeX (JAW)
\etb@tempcnta=\count306
) (./Term-Project---Grings,-Nauta,-Nibbering.aux)
\openout1 = `Term-Project---Grings,-Nauta,-Nibbering.aux'.

LaTeX Font Info:    Checking defaults for OML/cmm/m/it on input line 79.
LaTeX Font Info:    ... okay on input line 79.
LaTeX Font Info:    Checking defaults for OMS/cmsy/m/n on input line 79.
LaTeX Font Info:    ... okay on input line 79.
LaTeX Font Info:    Checking defaults for OT1/cmr/m/n on input line 79.
LaTeX Font Info:    ... okay on input line 79.
LaTeX Font Info:    Checking defaults for T1/cmr/m/n on input line 79.
LaTeX Font Info:    ... okay on input line 79.
LaTeX Font Info:    Checking defaults for TS1/cmr/m/n on input line 79.
LaTeX Font Info:    ... okay on input line 79.
LaTeX Font Info:    Checking defaults for TU/lmr/m/n on input line 79.
LaTeX Font Info:    ... okay on input line 79.
LaTeX Font Info:    Checking defaults for OMX/cmex/m/n on input line 79.
LaTeX Font Info:    ... okay on input line 79.
LaTeX Font Info:    Checking defaults for U/cmr/m/n on input line 79.
LaTeX Font Info:    ... okay on input line 79.
LaTeX Font Info:    Checking defaults for PD1/pdf/m/n on input line 79.
LaTeX Font Info:    ... okay on input line 79.
LaTeX Font Info:    Checking defaults for PU/pdf/m/n on input line 79.
LaTeX Font Info:    ... okay on input line 79.
LaTeX Font Info:    Overwriting math alphabet `\mathsf' in version `normal'
(Font)                  OT1/lmss/m/n --> TU/lmss/m/n on input line 79.
LaTeX Font Info:    Overwriting math alphabet `\mathsf' in version `bold'
(Font)                  OT1/lmss/bx/n --> TU/lmss/b/n on input line 79.
LaTeX Font Info:    Overwriting math alphabet `\mathtt' in version `normal'
(Font)                  OT1/lmtt/m/n --> TU/lmtt/m/n on input line 79.
LaTeX Font Info:    Overwriting math alphabet `\mathtt' in version `bold'
(Font)                  OT1/lmtt/m/n --> TU/lmtt/b/n on input line 79.

Package fontspec Info: latinmodern-math scale = 1.083052173574405.


Package fontspec Info: latinmodern-math scale = 1.083052173574405.


Package fontspec Info: latinmodern-math scale = 1.083052173574405.


Package fontspec Info: Font family 'latinmodern-math.otf(0)' created for font
(fontspec)             'latinmodern-math.otf' with options
(fontspec)             [Scale=MatchLowercase,BoldItalicFont={},ItalicFont={},SmallCapsFont={},Script=Math,BoldFont={latinmodern-math.otf}].
(fontspec)              
(fontspec)              This font family consists of the following NFSS
(fontspec)             series/shapes:
(fontspec)              
(fontspec)             - 'normal' (m/n) with NFSS spec.:
(fontspec)             <->s*[1.083052173574405]"[latinmodern-math.otf]/OT:script=math;language=dflt;"
(fontspec)             - 'small caps'  (m/sc) with NFSS spec.: 
(fontspec)             - 'bold' (b/n) with NFSS spec.:
(fontspec)             <->s*[1.083052173574405]"[latinmodern-math.otf]/OT:script=math;language=dflt;"
(fontspec)             - 'bold small caps'  (b/sc) with NFSS spec.: 

LaTeX Font Info:    Font shape `TU/latinmodern-math.otf(0)/m/n' will be
(Font)              scaled to size 10.83054pt on input line 79.

Package fontspec Info: latinmodern-math scale = 1.083052173574405.


Package fontspec Info: latinmodern-math scale = 1.083052173574405.


Package fontspec Info: latinmodern-math scale = 1.083052173574405.


Package fontspec Info: latinmodern-math scale = 1.083052173574405.


Package fontspec Info: latinmodern-math scale = 1.083052173574405.


Package fontspec Info: Font family 'latinmodern-math.otf(1)' created for font
(fontspec)             'latinmodern-math.otf' with options
(fontspec)             [Scale=MatchLowercase,BoldItalicFont={},ItalicFont={},SmallCapsFont={},Script=Math,SizeFeatures={{Size=8.5-},{Size=6-8.5,Font=latinmodern-math.otf,Style=MathScript},{Size=-6,Font=latinmodern-math.otf,Style=MathScriptScript}},BoldFont={latinmodern-math.otf}].
(fontspec)              
(fontspec)              This font family consists of the following NFSS
(fontspec)             series/shapes:
(fontspec)              
(fontspec)             - 'normal' (m/n) with NFSS spec.:
(fontspec)             <8.5->s*[1.083052173574405]"[latinmodern-math.otf]/OT:script=math;language=dflt;"<6-8.5>s*[1.083052173574405]"[latinmodern-math.otf]/OT:script=math;language=dflt;+ssty=0;"<-6>s*[1.083052173574405]"[latinmodern-math.otf]/OT:script=math;language=dflt;+ssty=1;"
(fontspec)             - 'small caps'  (m/sc) with NFSS spec.: 
(fontspec)             - 'bold' (b/n) with NFSS spec.:
(fontspec)             <->s*[1.083052173574405]"[latinmodern-math.otf]/OT:script=math;language=dflt;"
(fontspec)             - 'bold small caps'  (b/sc) with NFSS spec.: 

LaTeX Font Info:    Font shape `TU/latinmodern-math.otf(1)/m/n' will be
(Font)              scaled to size 10.83054pt on input line 79.
LaTeX Font Info:    Encoding `OT1' has changed to `TU' for symbol font
(Font)              `operators' in the math version `normal' on input line 79.
LaTeX Font Info:    Overwriting symbol font `operators' in version `normal'
(Font)                  OT1/lmr/m/n --> TU/latinmodern-math.otf(1)/m/n on input line 79.
LaTeX Font Info:    Encoding `OT1' has changed to `TU' for symbol font
(Font)              `operators' in the math version `bold' on input line 79.
LaTeX Font Info:    Overwriting symbol font `operators' in version `bold'
(Font)                  OT1/lmr/bx/n --> TU/latinmodern-math.otf(1)/b/n on input line 79.

Package fontspec Info: latinmodern-math scale = 1.083052173574405.


Package fontspec Info: latinmodern-math scale = 1.083160478791762.


Package fontspec Info: latinmodern-math scale = 1.083052173574405.


Package fontspec Info: latinmodern-math scale = 1.083160478791762.


Package fontspec Info: latinmodern-math scale = 1.083052173574405.


Package fontspec Info: latinmodern-math scale = 1.083160478791762.


Package fontspec Info: latinmodern-math scale = 1.083052173574405.


Package fontspec Info: latinmodern-math scale = 1.083160478791762.


Package fontspec Info: latinmodern-math scale = 1.083052173574405.


Package fontspec Info: latinmodern-math scale = 1.083160478791762.


Package fontspec Info: Font family 'latinmodern-math.otf(2)' created for font
(fontspec)             'latinmodern-math.otf' with options
(fontspec)             [Scale=MatchLowercase,BoldItalicFont={},ItalicFont={},SmallCapsFont={},Script=Math,SizeFeatures={{Size=8.5-},{Size=6-8.5,Font=latinmodern-math.otf,Style=MathScript},{Size=-6,Font=latinmodern-math.otf,Style=MathScriptScript}},BoldFont={latinmodern-math.otf},ScaleAgain=1.0001,FontAdjustment={\fontdimen
(fontspec)             8\font =7.33228pt\relax \fontdimen 9\font
(fontspec)             =4.26723pt\relax \fontdimen 10\font =4.80876pt\relax
(fontspec)             \fontdimen 11\font =7.42975pt\relax \fontdimen 12\font
(fontspec)             =3.73654pt\relax \fontdimen 13\font =3.93149pt\relax
(fontspec)             \fontdimen 14\font =3.93149pt\relax \fontdimen 15\font
(fontspec)             =3.13002pt\relax \fontdimen 16\font =2.67514pt\relax
(fontspec)             \fontdimen 17\font =2.67514pt\relax \fontdimen 18\font
(fontspec)             =2.70764pt\relax \fontdimen 19\font =2.1661pt\relax
(fontspec)             \fontdimen 22\font =2.70764pt\relax \fontdimen 20\font
(fontspec)             =0pt\relax \fontdimen 21\font =0pt\relax }].
(fontspec)              
(fontspec)              This font family consists of the following NFSS
(fontspec)             series/shapes:
(fontspec)              
(fontspec)             - 'normal' (m/n) with NFSS spec.:
(fontspec)             <8.5->s*[1.083160478791762]"[latinmodern-math.otf]/OT:script=math;language=dflt;"<6-8.5>s*[1.083160478791762]"[latinmodern-math.otf]/OT:script=math;language=dflt;+ssty=0;"<-6>s*[1.083160478791762]"[latinmodern-math.otf]/OT:script=math;language=dflt;+ssty=1;"
(fontspec)             - 'small caps'  (m/sc) with NFSS spec.: 
(fontspec)             and font adjustment code:
(fontspec)             \fontdimen 8\font =7.33228pt\relax \fontdimen 9\font
(fontspec)             =4.26723pt\relax \fontdimen 10\font =4.80876pt\relax
(fontspec)             \fontdimen 11\font =7.42975pt\relax \fontdimen 12\font
(fontspec)             =3.73654pt\relax \fontdimen 13\font =3.93149pt\relax
(fontspec)             \fontdimen 14\font =3.93149pt\relax \fontdimen 15\font
(fontspec)             =3.13002pt\relax \fontdimen 16\font =2.67514pt\relax
(fontspec)             \fontdimen 17\font =2.67514pt\relax \fontdimen 18\font
(fontspec)             =2.70764pt\relax \fontdimen 19\font =2.1661pt\relax
(fontspec)             \fontdimen 22\font =2.70764pt\relax \fontdimen 20\font
(fontspec)             =0pt\relax \fontdimen 21\font =0pt\relax 
(fontspec)             - 'bold' (b/n) with NFSS spec.:
(fontspec)             <->s*[1.083160478791762]"[latinmodern-math.otf]/OT:script=math;language=dflt;"
(fontspec)             - 'bold small caps'  (b/sc) with NFSS spec.: 
(fontspec)             and font adjustment code:
(fontspec)             \fontdimen 8\font =7.33228pt\relax \fontdimen 9\font
(fontspec)             =4.26723pt\relax \fontdimen 10\font =4.80876pt\relax
(fontspec)             \fontdimen 11\font =7.42975pt\relax \fontdimen 12\font
(fontspec)             =3.73654pt\relax \fontdimen 13\font =3.93149pt\relax
(fontspec)             \fontdimen 14\font =3.93149pt\relax \fontdimen 15\font
(fontspec)             =3.13002pt\relax \fontdimen 16\font =2.67514pt\relax
(fontspec)             \fontdimen 17\font =2.67514pt\relax \fontdimen 18\font
(fontspec)             =2.70764pt\relax \fontdimen 19\font =2.1661pt\relax
(fontspec)             \fontdimen 22\font =2.70764pt\relax \fontdimen 20\font
(fontspec)             =0pt\relax \fontdimen 21\font =0pt\relax 

LaTeX Font Info:    Encoding `OMS' has changed to `TU' for symbol font
(Font)              `symbols' in the math version `normal' on input line 79.
LaTeX Font Info:    Overwriting symbol font `symbols' in version `normal'
(Font)                  OMS/lmsy/m/n --> TU/latinmodern-math.otf(2)/m/n on input line 79.
LaTeX Font Info:    Encoding `OMS' has changed to `TU' for symbol font
(Font)              `symbols' in the math version `bold' on input line 79.
LaTeX Font Info:    Overwriting symbol font `symbols' in version `bold'
(Font)                  OMS/lmsy/b/n --> TU/latinmodern-math.otf(2)/b/n on input line 79.

Package fontspec Info: latinmodern-math scale = 1.083052173574405.


Package fontspec Info: latinmodern-math scale = 1.082943868357048.


Package fontspec Info: latinmodern-math scale = 1.083052173574405.


Package fontspec Info: latinmodern-math scale = 1.082943868357048.


Package fontspec Info: latinmodern-math scale = 1.083052173574405.


Package fontspec Info: latinmodern-math scale = 1.082943868357048.


Package fontspec Info: latinmodern-math scale = 1.083052173574405.


Package fontspec Info: latinmodern-math scale = 1.082943868357048.


Package fontspec Info: latinmodern-math scale = 1.083052173574405.


Package fontspec Info: latinmodern-math scale = 1.082943868357048.


Package fontspec Info: Font family 'latinmodern-math.otf(3)' created for font
(fontspec)             'latinmodern-math.otf' with options
(fontspec)             [Scale=MatchLowercase,BoldItalicFont={},ItalicFont={},SmallCapsFont={},Script=Math,SizeFeatures={{Size=8.5-},{Size=6-8.5,Font=latinmodern-math.otf,Style=MathScript},{Size=-6,Font=latinmodern-math.otf,Style=MathScriptScript}},BoldFont={latinmodern-math.otf},ScaleAgain=0.9999,FontAdjustment={\fontdimen
(fontspec)             8\font =0.43323pt\relax \fontdimen 9\font
(fontspec)             =2.1661pt\relax \fontdimen 10\font =1.8087pt\relax
(fontspec)             \fontdimen 11\font =1.2022pt\relax \fontdimen 12\font
(fontspec)             =6.49832pt\relax \fontdimen 13\font =0pt\relax }].
(fontspec)              
(fontspec)              This font family consists of the following NFSS
(fontspec)             series/shapes:
(fontspec)              
(fontspec)             - 'normal' (m/n) with NFSS spec.:
(fontspec)             <8.5->s*[1.082943868357048]"[latinmodern-math.otf]/OT:script=math;language=dflt;"<6-8.5>s*[1.082943868357048]"[latinmodern-math.otf]/OT:script=math;language=dflt;+ssty=0;"<-6>s*[1.082943868357048]"[latinmodern-math.otf]/OT:script=math;language=dflt;+ssty=1;"
(fontspec)             - 'small caps'  (m/sc) with NFSS spec.: 
(fontspec)             and font adjustment code:
(fontspec)             \fontdimen 8\font =0.43323pt\relax \fontdimen 9\font
(fontspec)             =2.1661pt\relax \fontdimen 10\font =1.8087pt\relax
(fontspec)             \fontdimen 11\font =1.2022pt\relax \fontdimen 12\font
(fontspec)             =6.49832pt\relax \fontdimen 13\font =0pt\relax 
(fontspec)             - 'bold' (b/n) with NFSS spec.:
(fontspec)             <->s*[1.082943868357048]"[latinmodern-math.otf]/OT:script=math;language=dflt;"
(fontspec)             - 'bold small caps'  (b/sc) with NFSS spec.: 
(fontspec)             and font adjustment code:
(fontspec)             \fontdimen 8\font =0.43323pt\relax \fontdimen 9\font
(fontspec)             =2.1661pt\relax \fontdimen 10\font =1.8087pt\relax
(fontspec)             \fontdimen 11\font =1.2022pt\relax \fontdimen 12\font
(fontspec)             =6.49832pt\relax \fontdimen 13\font =0pt\relax 

LaTeX Font Info:    Encoding `OMX' has changed to `TU' for symbol font
(Font)              `largesymbols' in the math version `normal' on input line 79.
LaTeX Font Info:    Overwriting symbol font `largesymbols' in version `normal'
(Font)                  OMX/lmex/m/n --> TU/latinmodern-math.otf(3)/m/n on input line 79.
LaTeX Font Info:    Encoding `OMX' has changed to `TU' for symbol font
(Font)              `largesymbols' in the math version `bold' on input line 79.
LaTeX Font Info:    Overwriting symbol font `largesymbols' in version `bold'
(Font)                  OMX/lmex/m/n --> TU/latinmodern-math.otf(3)/b/n on input line 79.
*geometry* driver: auto-detecting
*geometry* detected driver: xetex
*geometry* verbose mode - [ preamble ] result:
* driver: xetex
* paper: <default>
* layout: <same size as paper>
* layoutoffset:(h,v)=(0.0pt,0.0pt)
* modes: 
* h-part:(L,W,R)=(37.27304pt, 539.74892pt, 37.27304pt)
* v-part:(T,H,B)=(72.26999pt, 650.43001pt, 72.26999pt)
* \paperwidth=614.295pt
* \paperheight=794.96999pt
* \textwidth=539.74892pt
* \textheight=650.43001pt
* \oddsidemargin=-34.99695pt
* \evensidemargin=-34.99695pt
* \topmargin=-37.0pt
* \headheight=12.0pt
* \headsep=25.0pt
* \topskip=10.0pt
* \footskip=30.0pt
* \marginparwidth=4.0pt
* \marginparsep=10.0pt
* \columnsep=10.0pt
* \skip\footins=9.0pt plus 4.0pt minus 2.0pt
* \hoffset=0.0pt
* \voffset=0.0pt
* \mag=1000
* \@twocolumntrue
* \@twosidefalse
* \@mparswitchfalse
* \@reversemarginfalse
* (1in=72.27pt=25.4mm, 1cm=28.453pt)

Package hyperref Info: Link coloring OFF on input line 79.
(./Term-Project---Grings,-Nauta,-Nibbering.out) (./Term-Project---Grings,-Nauta,-Nibbering.out)
\@outlinefile=\write3
\openout3 = `Term-Project---Grings,-Nauta,-Nibbering.out'.

LaTeX Font Info:    Font shape `TU/Cambria(0)/m/n' will be
(Font)              scaled to size 17.28pt on input line 81.
LaTeX Font Info:    Font shape `TU/Cambria(0)/m/n' will be
(Font)              scaled to size 12.0pt on input line 81.
LaTeX Font Info:    Font shape `TU/latinmodern-math.otf(1)/m/n' will be
(Font)              scaled to size 12.99664pt on input line 81.
LaTeX Font Info:    Font shape `TU/latinmodern-math.otf(1)/m/n' will be
(Font)              scaled to size 8.66443pt on input line 81.
LaTeX Font Info:    Font shape `TU/latinmodern-math.otf(1)/m/n' will be
(Font)              scaled to size 6.49832pt on input line 81.
LaTeX Font Info:    Trying to load font information for OML+lmm on input line 81.
(c:/Users/jitse/AppData/Roaming/TinyTeX/texmf-dist/tex/latex/lm/omllmm.fd
File: omllmm.fd 2015/05/01 v1.6.1 Font defs for Latin Modern
)
LaTeX Font Info:    Font shape `TU/latinmodern-math.otf(2)/m/n' will be
(Font)              scaled to size 12.99792pt on input line 81.
LaTeX Font Info:    Font shape `TU/latinmodern-math.otf(2)/m/n' will be
(Font)              scaled to size 8.66528pt on input line 81.
LaTeX Font Info:    Font shape `TU/latinmodern-math.otf(2)/m/n' will be
(Font)              scaled to size 6.49896pt on input line 81.
LaTeX Font Info:    Font shape `TU/latinmodern-math.otf(3)/m/n' will be
(Font)              scaled to size 12.99536pt on input line 81.
LaTeX Font Info:    Font shape `TU/latinmodern-math.otf(3)/m/n' will be
(Font)              scaled to size 8.66357pt on input line 81.
LaTeX Font Info:    Font shape `TU/latinmodern-math.otf(3)/m/n' will be
(Font)              scaled to size 6.49768pt on input line 81.
LaTeX Font Info:    Trying to load font information for U+msa on input line 81.
(c:/Users/jitse/AppData/Roaming/TinyTeX/texmf-dist/tex/latex/amsfonts/umsa.fd
File: umsa.fd 2013/01/14 v3.01 AMS symbols A
)
LaTeX Font Info:    Trying to load font information for U+msb on input line 81.
(c:/Users/jitse/AppData/Roaming/TinyTeX/texmf-dist/tex/latex/amsfonts/umsb.fd
File: umsb.fd 2013/01/14 v3.01 AMS symbols B
)
LaTeX Font Info:    Font shape `TU/Cambria(0)/m/n' will be
(Font)              scaled to size 14.4pt on input line 83.
LaTeX Font Info:    Font shape `TU/Cambria(0)/b/n' will be
(Font)              scaled to size 14.4pt on input line 83.

Underfull \hbox (badness 1102) in paragraph at lines 123--132
[]\TU/Cambria(0)/m/n/10 Based on the examined literature, a hedonic pricing ap-
 []

LaTeX Font Info:    Font shape `TU/Cambria(0)/b/n' will be
(Font)              scaled to size 12.0pt on input line 137.

LaTeX Warning: No positions in optional float specifier.
               Default added (so using `htbp') on input line 150.

File: figures/study_area.png Graphic file (type bmp)
<figures/study_area.png>

Underfull \hbox (badness 4120) in paragraph at lines 159--172
[]\TU/Cambria(0)/m/n/10 A total of 1,719 property listings were obtained from
 []


Underfull \vbox (badness 1117) has occurred while \output is active []

[1


]
LaTeX Font Info:    Font shape `TU/latinmodern-math.otf(1)/m/n' will be
(Font)              scaled to size 7.58138pt on input line 196.
LaTeX Font Info:    Font shape `TU/latinmodern-math.otf(1)/m/n' will be
(Font)              scaled to size 5.41527pt on input line 196.
LaTeX Font Info:    Font shape `TU/latinmodern-math.otf(2)/m/n' will be
(Font)              scaled to size 10.8316pt on input line 196.
LaTeX Font Info:    Font shape `TU/latinmodern-math.otf(2)/m/n' will be
(Font)              scaled to size 7.58212pt on input line 196.
LaTeX Font Info:    Font shape `TU/latinmodern-math.otf(2)/m/n' will be
(Font)              scaled to size 5.4158pt on input line 196.
LaTeX Font Info:    Font shape `TU/latinmodern-math.otf(3)/m/n' will be
(Font)              scaled to size 10.82947pt on input line 196.
LaTeX Font Info:    Font shape `TU/latinmodern-math.otf(3)/m/n' will be
(Font)              scaled to size 7.58063pt on input line 196.
LaTeX Font Info:    Font shape `TU/latinmodern-math.otf(3)/m/n' will be
(Font)              scaled to size 5.41473pt on input line 196.

LaTeX Warning: No positions in optional float specifier.
               Default added (so using `tbp') on input line 208.

LaTeX Font Info:    Font shape `TU/Cambria(0)/b/n' will be
(Font)              scaled to size 10.0pt on input line 213.

LaTeX Warning: No positions in optional float specifier.
               Default added (so using `htbp') on input line 255.

File: figures/moranImc.png Graphic file (type bmp)
<figures/moranImc.png>
[2]
Underfull \hbox (badness 1112) in paragraph at lines 284--293
\TU/Cambria(0)/m/n/10 spaces were significantly associated with residential house
 []


LaTeX Warning: No positions in optional float specifier.
               Default added (so using `htbp') on input line 313.

File: figures/Economic_Value_Urban_Green_clip.png Graphic file (type bmp)
<figures/Economic_Value_Urban_Green_clip.png>

Underfull \hbox (badness 1092) in paragraph at lines 322--336
\TU/Cambria(0)/m/n/10 green spaces in Amsterdam, as reflected in the real-estate
 []


Underfull \vbox (badness 10000) has occurred while \output is active []

[3]
Underfull \hbox (badness 10000) in paragraph at lines 341--342
[]\TU/Cambria(0)/m/n/10 Morancho AB (2003) A hedonic valuation of ur-
 []


Underfull \hbox (badness 10000) in paragraph at lines 341--342
\TU/Cambria(0)/m/n/10 ban green areas. Landsc Urban Plan 66:35–41.
 []


Underfull \hbox (badness 2261) in paragraph at lines 343--344
[]\TU/Cambria(0)/m/n/10 Selmi W, Weber C, Rivière E, et al (2016) Air pollu-
 []


Underfull \hbox (badness 3364) in paragraph at lines 347--348
[]\TU/Cambria(0)/m/n/10 Wang C, Ren Z, Dong Y, et al (2022) Efficient cool-
 []


Underfull \hbox (badness 2376) in paragraph at lines 347--348
\TU/Cambria(0)/m/n/10 ing of cities at global scale using urban green space
 []


Underfull \hbox (badness 2922) in paragraph at lines 347--348
\TU/Cambria(0)/m/n/10 to mitigate urban heat island effects in different cli-
 []


Underfull \hbox (badness 4556) in paragraph at lines 347--348
\TU/Cambria(0)/m/n/10 matic regions. Urban For Urban Green 74:127635.
 []


Underfull \hbox (badness 10000) in paragraph at lines 349--350
[]\TU/Cambria(0)/m/n/10 Shishegar N (2014) The Impacts of Green Areas
 []


Underfull \hbox (badness 10000) in paragraph at lines 349--350
\TU/Cambria(0)/m/n/10 on Mitigating Urban Heat Island Effect. The In-
 []


Underfull \hbox (badness 10000) in paragraph at lines 349--350
\TU/Cambria(0)/m/n/10 ternational Journal of Environmental Sustainabil-
 []


Underfull \hbox (badness 10000) in paragraph at lines 349--350
\TU/Cambria(0)/m/n/10 ity 9:119–130. https://doi.org/10.18848/2325-
 []


Underfull \hbox (badness 1028) in paragraph at lines 351--352
\TU/Cambria(0)/m/n/10 ducing the Heat Island Effect. Sustainability 10:1101.
 []


Underfull \hbox (badness 10000) in paragraph at lines 353--354
[]\TU/Cambria(0)/m/n/10 Jim CY, Chen WY (2006) Perception and Atti-
 []


Underfull \hbox (badness 10000) in paragraph at lines 353--354
\TU/Cambria(0)/m/n/10 tude of Residents Toward Urban Green Spaces in
 []


Underfull \hbox (badness 10000) in paragraph at lines 353--354
\TU/Cambria(0)/m/n/10 Guangzhou (China). Environ Manage 38:338–349.
 []


Underfull \hbox (badness 10000) in paragraph at lines 357--358
[]\TU/Cambria(0)/m/n/10 Ayala-Azcárraga C, Diaz D, Zambrano L (2019)
 []


Underfull \hbox (badness 10000) in paragraph at lines 357--358
\TU/Cambria(0)/m/n/10 Characteristics of urban parks and their relation
 []


Underfull \hbox (badness 5077) in paragraph at lines 357--358
\TU/Cambria(0)/m/n/10 to user well-being. Landsc Urban Plan 189:27–35.
 []


Underfull \hbox (badness 3590) in paragraph at lines 359--360
[]\TU/Cambria(0)/m/n/10 Department of Environmental Protection (2021) NYC
 []


Underfull \hbox (badness 10000) in paragraph at lines 366--367
[]\TU/Cambria(0)/m/n/10 Saphores J-D, Li W (2012) Estimating the value
 []


Underfull \hbox (badness 10000) in paragraph at lines 366--367
\TU/Cambria(0)/m/n/10 of urban green areas: A hedonic pricing anal-
 []


Underfull \hbox (badness 10000) in paragraph at lines 366--367
\TU/Cambria(0)/m/n/10 ysis of the single family housing market in Los
 []


Underfull \hbox (badness 10000) in paragraph at lines 366--367
\TU/Cambria(0)/m/n/10 Angeles, CA. Landsc Urban Plan 104:373–387.
 []


Underfull \hbox (badness 6876) in paragraph at lines 368--369
[]\TU/Cambria(0)/m/n/10 Panduro TE, Veie KL (2013) Classification and val-
 []


Underfull \hbox (badness 10000) in paragraph at lines 368--369
\TU/Cambria(0)/m/n/10 uation of urban green spaces—A hedonic house
 []


Underfull \hbox (badness 10000) in paragraph at lines 368--369
\TU/Cambria(0)/m/n/10 price valuation. Landsc Urban Plan 120:119–128.
 []


Underfull \hbox (badness 10000) in paragraph at lines 370--371
[]\TU/Cambria(0)/m/n/10 Holt JR, Borsuk ME (2020) Using Zillow data
 []


Underfull \hbox (badness 10000) in paragraph at lines 370--371
\TU/Cambria(0)/m/n/10 to value green space amenities at the neighbor-
 []


Underfull \hbox (badness 10000) in paragraph at lines 370--371
\TU/Cambria(0)/m/n/10 hood scale. Urban For Urban Green 56:126794.
 []


Underfull \hbox (badness 5288) in paragraph at lines 372--373
\TU/Cambria(0)/m/n/10 in developing countries: A Two-stage quantile spa-
 []


Underfull \hbox (badness 1226) in paragraph at lines 372--373
\TU/Cambria(0)/m/n/10 tial regression analysis. For Policy Econ 125:102420.
 []


Underfull \hbox (badness 10000) in paragraph at lines 374--375
[]\TU/Cambria(0)/m/n/10 Sander H, Polasky S, Haight RG (2010) The value
 []


Underfull \hbox (badness 10000) in paragraph at lines 374--375
\TU/Cambria(0)/m/n/10 of urban tree cover: A hedonic property price
 []


Underfull \hbox (badness 10000) in paragraph at lines 374--375
\TU/Cambria(0)/m/n/10 model in Ramsey and Dakota Counties, Min-
 []


Underfull \hbox (badness 10000) in paragraph at lines 374--375
\TU/Cambria(0)/m/n/10 nesota, USA. Ecological Economics 69:1646–1656.
 []


Underfull \hbox (badness 10000) in paragraph at lines 378--379
[]\TU/Cambria(0)/m/n/10 Czembrowski P, Kronenberg J (2016) Hedonic
 []


Underfull \hbox (badness 10000) in paragraph at lines 378--379
\TU/Cambria(0)/m/n/10 pricing and different urban green space types
 []


Underfull \hbox (badness 7777) in paragraph at lines 378--379
\TU/Cambria(0)/m/n/10 and sizes: Insights into the discussion on valuing
 []


Underfull \hbox (badness 4752) in paragraph at lines 378--379
\TU/Cambria(0)/m/n/10 ecosystem services. Landsc Urban Plan 146:11–19.
 []

[4]
Underfull \hbox (badness 10000) in paragraph at lines 380--381
[]\TU/Cambria(0)/m/n/10 Anderson ST, West SE (2006) Open space,
 []


Underfull \hbox (badness 10000) in paragraph at lines 380--381
\TU/Cambria(0)/m/n/10 residential property values, and spatial con-
 []


Underfull \hbox (badness 10000) in paragraph at lines 380--381
\TU/Cambria(0)/m/n/10 text. Reg Sci Urban Econ 36:773–789.
 []


Underfull \hbox (badness 7397) in paragraph at lines 382--383
[]\TU/Cambria(0)/m/n/10 Li W, Saphores J-DM, Gillespie TW (2015) A com-
 []


Underfull \hbox (badness 10000) in paragraph at lines 382--383
\TU/Cambria(0)/m/n/10 parison of the economic benefits of urban green
 []


Underfull \hbox (badness 1990) in paragraph at lines 382--383
\TU/Cambria(0)/m/n/10 spaces estimated with NDVI and with high-resolution
 []


Underfull \hbox (badness 5274) in paragraph at lines 382--383
\TU/Cambria(0)/m/n/10 land cover data. Landsc Urban Plan 133:105–117.
 []


Underfull \hbox (badness 1342) in paragraph at lines 384--385
\TU/Cambria(0)/m/n/10 vironmental Quality: Evidence from Beijing. J Urban
 []


Underfull \hbox (badness 6893) in paragraph at lines 386--387
[]\TU/Cambria(0)/m/n/10 Martinez A de la I, Labib SM (2023) Demystifying
 []


Underfull \hbox (badness 10000) in paragraph at lines 386--387
\TU/Cambria(0)/m/n/10 normalized difference vegetation index (NDVI) for
 []


Underfull \hbox (badness 2875) in paragraph at lines 386--387
\TU/Cambria(0)/m/n/10 greenness exposure assessments and policy interven-
 []


Underfull \hbox (badness 5008) in paragraph at lines 386--387
\TU/Cambria(0)/m/n/10 tions in urban greening. Environ Res 220:115155.
 []


Underfull \hbox (badness 10000) in paragraph at lines 388--389
[]\TU/Cambria(0)/m/n/10 Rhew IC, Vander Stoep A, Kearney A, et al
 []


Underfull \hbox (badness 10000) in paragraph at lines 388--389
\TU/Cambria(0)/m/n/10 (2011) Validation of the Normalized Difference
 []


Underfull \hbox (badness 10000) in paragraph at lines 388--389
\TU/Cambria(0)/m/n/10 Vegetation Index as a Measure of Neighbor-
 []


Underfull \hbox (badness 10000) in paragraph at lines 388--389
\TU/Cambria(0)/m/n/10 hood Greenness. Ann Epidemiol 21:946–952.
 []


Underfull \hbox (badness 1043) in paragraph at lines 390--391
\TU/Cambria(0)/m/n/10 tial resolution of Normalized Difference Vegetation In-
 []


Underfull \hbox (badness 10000) in paragraph at lines 392--393
[]\TU/Cambria(0)/m/n/10 CBS Statline (2022) Inwoners per Gemeente.
 []


Underfull \hbox (badness 10000) in paragraph at lines 392--393
\TU/Cambria(0)/m/n/10 In: Centraal Bureau voor de Statistiek.
 []


Underfull \hbox (badness 10000) in paragraph at lines 392--393
\TU/Cambria(0)/m/n/10 https://www.cbs.nl/nl-nl/visualisaties/dashboard-
 []


Underfull \hbox (badness 10000) in paragraph at lines 394--395
[]\TU/Cambria(0)/m/n/10 CBS Statline (2022) Kerncijfers wijken en buurten
 []


Underfull \hbox (badness 10000) in paragraph at lines 394--395
\TU/Cambria(0)/m/n/10 2022. In: Centraal Bureau voor de Statistiek.
 []


Underfull \hbox (badness 10000) in paragraph at lines 400--401
[]\TU/Cambria(0)/m/n/10 ArcGIS (2021) Stations in Nederland.
 []


Underfull \hbox (badness 10000) in paragraph at lines 406--407
[]\TU/Cambria(0)/m/n/10 Municipality of Amsterdam (2023) Datacatalogus.
 []


Underfull \hbox (badness 7832) in paragraph at lines 408--409
[]\TU/Cambria(0)/m/n/10 European Space Agency (2022) Sentinel-2 Level-2A.
 []


Overfull \hbox (12.60602pt too wide) in paragraph at lines 408--409
\TU/Cambria(0)/m/n/10 https://planetarycomputer.microsoft.com/dataset/sentinel-
 []


Underfull \hbox (badness 3229) in paragraph at lines 410--411
[]\TU/Cambria(0)/m/n/10 Daams MN, Sijtsma FJ, Veneri P (2019) Mixed mon-
 []


Underfull \hbox (badness 10000) in paragraph at lines 410--411
\TU/Cambria(0)/m/n/10 etary and non-monetary valuation of attractive ur-
 []


Underfull \hbox (badness 10000) in paragraph at lines 410--411
\TU/Cambria(0)/m/n/10 ban green space: A case study using Amsterdam
 []


Underfull \hbox (badness 10000) in paragraph at lines 410--411
\TU/Cambria(0)/m/n/10 house prices. Ecological Economics 166:106430.
 []


Underfull \hbox (badness 10000) in paragraph at lines 414--415
[]\TU/Cambria(0)/m/n/10 Chen Y, Jones CA, Dunse NA, et al (2023) Hous-
 []


Underfull \hbox (badness 7047) in paragraph at lines 414--415
\TU/Cambria(0)/m/n/10 ing Prices and the Characteristics of Nearby Green
 []


Underfull \hbox (badness 3088) in paragraph at lines 414--415
\TU/Cambria(0)/m/n/10 Space: Does Landscape Pattern Index Matter? Evi-
 []


Underfull \hbox (badness 1721) in paragraph at lines 414--415
\TU/Cambria(0)/m/n/10 dence from Metropolitan Area. Land (Basel) 12:496.
 []


Underfull \hbox (badness 10000) in paragraph at lines 416--417
[]\TU/Cambria(0)/m/n/10 Zhang S, Wang L, Lu F (2019) Exploring Housing
 []


Underfull \hbox (badness 10000) in paragraph at lines 416--417
\TU/Cambria(0)/m/n/10 Rent by Mixed Geographically Weighted Regression:
 []


Underfull \hbox (badness 2582) in paragraph at lines 416--417
\TU/Cambria(0)/m/n/10 A Case Study in Nanjing. ISPRS Int J Geoinf 8:431.
 []


Underfull \hbox (badness 10000) in paragraph at lines 418--419
[]\TU/Cambria(0)/m/n/10 Sisman S, Aydinoglu AC (2022) A modelling ap-
 []


Underfull \hbox (badness 10000) in paragraph at lines 418--419
\TU/Cambria(0)/m/n/10 proach with geographically weighted regres-
 []


Underfull \hbox (badness 10000) in paragraph at lines 418--419
\TU/Cambria(0)/m/n/10 sion methods for determining geographic varia-
 []


Underfull \hbox (badness 10000) in paragraph at lines 418--419
\TU/Cambria(0)/m/n/10 tion and influencing factors in housing price: A
 []


Underfull \hbox (badness 10000) in paragraph at lines 418--419
\TU/Cambria(0)/m/n/10 case in Istanbul. Land use policy 119:106183.
 []


Underfull \hbox (badness 1052) in paragraph at lines 422--423
\TU/Cambria(0)/m/n/10 ception of green space. Land use policy 115:106048.
 []


Underfull \hbox (badness 1515) in paragraph at lines 426--427
\TU/Cambria(0)/m/n/10 tial property values. Applied Geography 45:322–331.
 []

[5] [6

] [7

]
File: figures/NDVI_clip.png Graphic file (type bmp)
<figures/NDVI_clip.png>
[8] (./Term-Project---Grings,-Nauta,-Nibbering.aux)
Package rerunfilecheck Info: File `Term-Project---Grings,-Nauta,-Nibbering.out' has not changed.
(rerunfilecheck)             Checksum: 58B6155EA545460DEF95022085E4F092;1469.
 ) 
Here is how much of TeX's memory you used:
 17167 strings out of 478674
 319092 string characters out of 5847139
 1875290 words of memory out of 5000000
 37058 multiletter control sequences out of 15000+600000
 518786 words of font info for 91 fonts, out of 8000000 for 9000
 14 hyphenation exceptions out of 8191
 86i,10n,122p,358b,413s stack positions out of 10000i,1000n,20000p,200000b,200000s

Output written on Term-Project---Grings,-Nauta,-Nibbering.pdf (8 pages).
